\BOOKMARK [1][-]{section.1}{Introduction}{}% 1
\BOOKMARK [1][-]{section.2}{Project description}{}% 2
\BOOKMARK [2][-]{subsection.2.1}{Domains}{section.2}% 3
\BOOKMARK [3][-]{subsubsection.2.1.1}{Scientific}{subsection.2.1}% 4
\BOOKMARK [3][-]{subsubsection.2.1.2}{Technical}{subsection.2.1}% 5
\BOOKMARK [2][-]{subsection.2.2}{Targeted Deliverables}{section.2}% 6
\BOOKMARK [3][-]{subsubsection.2.2.1}{Scientific deliverables}{subsection.2.2}% 7
\BOOKMARK [3][-]{subsubsection.2.2.2}{Technical deliverables}{subsection.2.2}% 8
\BOOKMARK [2][-]{subsection.2.3}{Constraints}{section.2}% 9
\BOOKMARK [1][-]{section.3}{Pre-requisites}{}% 10
\BOOKMARK [2][-]{subsection.3.1}{Scientific pre-requisites}{section.3}% 11
\BOOKMARK [2][-]{subsection.3.2}{Technical pre-requisites}{section.3}% 12
\BOOKMARK [1][-]{section.4}{Scientific Deliverables}{}% 13
\BOOKMARK [2][-]{subsection.4.1}{Requirements}{section.4}% 14
\BOOKMARK [2][-]{subsection.4.2}{Design}{section.4}% 15
\BOOKMARK [3][-]{subsubsection.4.2.1}{FR01: Feature extraction with MFCCs}{subsection.4.2}% 16
\BOOKMARK [3][-]{subsubsection.4.2.2}{FR02: Deep Learning and Artificial Neural Networks}{subsection.4.2}% 17
\BOOKMARK [3][-]{subsubsection.4.2.3}{Deep Learning}{subsection.4.2}% 18
\BOOKMARK [3][-]{subsubsection.4.2.4}{Feedforward Neural Network}{subsection.4.2}% 19
\BOOKMARK [3][-]{subsubsection.4.2.5}{Recurrent Neural Network}{subsection.4.2}% 20
\BOOKMARK [3][-]{subsubsection.4.2.6}{Long short-term memory}{subsection.4.2}% 21
\BOOKMARK [3][-]{subsubsection.4.2.7}{Gated Recurrent Unit}{subsection.4.2}% 22
\BOOKMARK [2][-]{subsection.4.3}{Production}{section.4}% 23
\BOOKMARK [3][-]{subsubsection.4.3.1}{Feature extraction with MFCC in Python}{subsection.4.3}% 24
\BOOKMARK [2][-]{subsection.4.4}{Assessment}{section.4}% 25
\BOOKMARK [3][-]{subsubsection.4.4.1}{NFR01: Performance evaluation}{subsection.4.4}% 26
\BOOKMARK [1][-]{section.5}{Technical Deliverables}{}% 27
\BOOKMARK [2][-]{subsection.5.1}{Requirements}{section.5}% 28
\BOOKMARK [2][-]{subsection.5.2}{Design}{section.5}% 29
\BOOKMARK [2][-]{subsection.5.3}{Production}{section.5}% 30
\BOOKMARK [3][-]{subsubsection.5.3.1}{Implementation of classification models}{subsection.5.3}% 31
\BOOKMARK [3][-]{subsubsection.5.3.2}{FR02: Luxembourgish dataset collection}{subsection.5.3}% 32
\BOOKMARK [2][-]{subsection.5.4}{Assessment}{section.5}% 33
\BOOKMARK [1][-]{section.6}{Conclusion}{}% 34
\BOOKMARK [1][-]{section*.9}{References}{}% 35
\BOOKMARK [1][-]{section.7}{Appendix}{}% 36
